<?xml version="1.0" encoding="UTF-8"?>
<testsuite name="com.example.springboot.HelloControllerTest" tests="1" skipped="0" failures="0" errors="0" timestamp="2020-01-20T02:23:03" hostname="Sarahs-MacBook-Pro-2.local" time="0.029">
  <properties/>
  <testcase name="getHello()" classname="com.example.springboot.HelloControllerTest" time="0.029"/>
  <system-out><![CDATA[2020-01-19 21:23:02.717  INFO 5671 --- [    Test worker] .b.t.c.SpringBootTestContextBootstrapper : Neither @ContextConfiguration nor @ContextHierarchy found for test class [com.example.springboot.HelloControllerTest], using SpringBootContextLoader
2020-01-19 21:23:02.718  INFO 5671 --- [    Test worker] o.s.t.c.support.AbstractContextLoader    : Could not detect default resource locations for test class [com.example.springboot.HelloControllerTest]: no resource found for suffixes {-context.xml, Context.groovy}.
2020-01-19 21:23:02.720  INFO 5671 --- [    Test worker] t.c.s.AnnotationConfigContextLoaderUtils : Could not detect default configuration classes for test class [com.example.springboot.HelloControllerTest]: HelloControllerTest does not declare any static, non-private, non-final, nested classes annotated with @Configuration.
2020-01-19 21:23:02.730  INFO 5671 --- [    Test worker] .b.t.c.SpringBootTestContextBootstrapper : Found @SpringBootConfiguration com.example.springboot.Application for test class com.example.springboot.HelloControllerTest
2020-01-19 21:23:02.732  INFO 5671 --- [    Test worker] .b.t.c.SpringBootTestContextBootstrapper : Loaded default TestExecutionListener class names from location [META-INF/spring.factories]: [org.springframework.boot.test.autoconfigure.restdocs.RestDocsTestExecutionListener, org.springframework.boot.test.autoconfigure.web.client.MockRestServiceServerResetTestExecutionListener, org.springframework.boot.test.autoconfigure.web.servlet.MockMvcPrintOnlyOnFailureTestExecutionListener, org.springframework.boot.test.autoconfigure.web.servlet.WebDriverTestExecutionListener, org.springframework.boot.test.mock.mockito.MockitoTestExecutionListener, org.springframework.boot.test.mock.mockito.ResetMocksTestExecutionListener, org.springframework.test.context.web.ServletTestExecutionListener, org.springframework.test.context.support.DirtiesContextBeforeModesTestExecutionListener, org.springframework.test.context.support.DependencyInjectionTestExecutionListener, org.springframework.test.context.support.DirtiesContextTestExecutionListener, org.springframework.test.context.transaction.TransactionalTestExecutionListener, org.springframework.test.context.jdbc.SqlScriptsTestExecutionListener, org.springframework.test.context.event.EventPublishingTestExecutionListener]
2020-01-19 21:23:02.734  INFO 5671 --- [    Test worker] .b.t.c.SpringBootTestContextBootstrapper : Using TestExecutionListeners: [org.springframework.test.context.web.ServletTestExecutionListener@17c0a5ae, org.springframework.test.context.support.DirtiesContextBeforeModesTestExecutionListener@b72ae23, org.springframework.boot.test.mock.mockito.MockitoTestExecutionListener@208f3aa0, org.springframework.boot.test.autoconfigure.SpringBootDependencyInjectionTestExecutionListener@27534eb7, org.springframework.test.context.support.DirtiesContextTestExecutionListener@35ac6226, org.springframework.test.context.event.EventPublishingTestExecutionListener@2b31c106, org.springframework.boot.test.autoconfigure.restdocs.RestDocsTestExecutionListener@72b2a4fa, org.springframework.boot.test.autoconfigure.web.client.MockRestServiceServerResetTestExecutionListener@4fa96aed, org.springframework.boot.test.autoconfigure.web.servlet.MockMvcPrintOnlyOnFailureTestExecutionListener@19c29c6c, org.springframework.boot.test.autoconfigure.web.servlet.WebDriverTestExecutionListener@3c5e57a3, org.springframework.boot.test.mock.mockito.ResetMocksTestExecutionListener@5baca1a6]

  .   ____          _            __ _ _
 /\\ / ___'_ __ _ _(_)_ __  __ _ \ \ \ \
( ( )\___ | '_ | '_| | '_ \/ _` | \ \ \ \
 \\/  ___)| |_)| | | | | || (_| |  ) ) ) )
  '  |____| .__|_| |_|_| |_\__, | / / / /
 =========|_|==============|___/=/_/_/_/
 :: Spring Boot ::        (v2.2.2.RELEASE)

2020-01-19 21:23:02.768  INFO 5671 --- [    Test worker] c.e.springboot.HelloControllerTest       : Starting HelloControllerTest on Sarahs-MacBook-Pro-2.local with PID 5671 (started by sarah in /Users/sarah/Documents/GitHub/gs-spring-boot/initial)
2020-01-19 21:23:02.769  INFO 5671 --- [    Test worker] c.e.springboot.HelloControllerTest       : No active profile set, falling back to default profiles: default
2020-01-19 21:23:03.447  INFO 5671 --- [    Test worker] o.s.s.concurrent.ThreadPoolTaskExecutor  : Initializing ExecutorService 'applicationTaskExecutor'
2020-01-19 21:23:03.819  INFO 5671 --- [    Test worker] o.s.b.t.m.w.SpringBootMockServletContext : Initializing Spring TestDispatcherServlet ''
2020-01-19 21:23:03.819  INFO 5671 --- [    Test worker] o.s.t.web.servlet.TestDispatcherServlet  : Initializing Servlet ''
2020-01-19 21:23:03.832  INFO 5671 --- [    Test worker] o.s.b.a.e.web.EndpointLinksResolver      : Exposing 2 endpoint(s) beneath base path '/actuator'
2020-01-19 21:23:03.867  INFO 5671 --- [    Test worker] o.s.t.web.servlet.TestDispatcherServlet  : Completed initialization in 48 ms
2020-01-19 21:23:03.906  INFO 5671 --- [    Test worker] c.e.springboot.HelloControllerTest       : Started HelloControllerTest in 1.164 seconds (JVM running for 8.829)
]]></system-out>
  <system-err><![CDATA[]]></system-err>
</testsuite>
